mode: set
anonymous-chat/internal/chat/event.go:13.36,14.11 1 1
anonymous-chat/internal/chat/event.go:15.12,16.18 1 1
anonymous-chat/internal/chat/event.go:17.12,18.16 1 0
anonymous-chat/internal/chat/event.go:19.11,20.13 1 0
anonymous-chat/internal/chat/event.go:21.10,22.19 1 0
anonymous-chat/internal/chat/event.go:35.90,42.2 1 1
anonymous-chat/internal/chat/event.go:44.56,46.2 1 1
anonymous-chat/internal/chat/event.go:48.56,50.2 1 1
anonymous-chat/internal/chat/event.go:52.67,54.2 1 1
anonymous-chat/internal/chat/event.go:56.33,57.19 1 1
anonymous-chat/internal/chat/event.go:57.19,59.3 1 1
anonymous-chat/internal/chat/event.go:61.2,61.74 1 1
anonymous-chat/internal/chat/member.go:18.55,25.2 1 1
anonymous-chat/internal/chat/member.go:27.40,27.55 1 1
anonymous-chat/internal/chat/member.go:28.40,28.65 1 1
anonymous-chat/internal/chat/member.go:29.40,29.59 1 1
anonymous-chat/internal/chat/member.go:33.26,34.24 1 1
anonymous-chat/internal/chat/member.go:34.24,37.3 2 1
anonymous-chat/internal/chat/member.go:39.41,39.58 1 1
anonymous-chat/internal/chat/room.go:18.33,26.2 2 1
anonymous-chat/internal/chat/room.go:28.42,33.29 3 1
anonymous-chat/internal/chat/room.go:33.29,37.3 3 1
anonymous-chat/internal/chat/room.go:39.2,39.19 1 1
anonymous-chat/internal/chat/room.go:39.19,41.3 1 1
anonymous-chat/internal/chat/room.go:44.2,48.12 4 1
anonymous-chat/internal/chat/room.go:52.38,56.43 2 1
anonymous-chat/internal/chat/room.go:56.43,61.3 4 1
anonymous-chat/internal/chat/room.go:63.2,68.78 5 1
anonymous-chat/internal/chat/room.go:73.56,77.2 3 1
anonymous-chat/internal/chat/room.go:81.64,82.31 1 1
anonymous-chat/internal/chat/room.go:82.31,83.43 1 1
anonymous-chat/internal/chat/room.go:83.43,84.12 1 1
anonymous-chat/internal/chat/room.go:86.3,86.10 1 1
anonymous-chat/internal/chat/room.go:87.24,88.66 1 1
anonymous-chat/internal/chat/room.go:89.11,92.13 2 0
anonymous-chat/internal/chat/room.go:100.38,104.2 3 1
anonymous-chat/internal/chat/room.go:109.44,112.2 2 1
anonymous-chat/internal/chat/room.go:115.71,120.2 4 1
anonymous-chat/internal/chat/room.go:123.45,127.34 4 1
anonymous-chat/internal/chat/room.go:127.34,131.3 3 1
anonymous-chat/internal/chat/room.go:132.2,135.17 4 1
anonymous-chat/internal/chat/room.go:139.30,140.40 1 1
anonymous-chat/internal/chat/room.go:140.40,142.3 1 1
anonymous-chat/internal/chat/room.go:145.48,146.52 1 1
anonymous-chat/internal/chat/room.go:146.52,148.3 1 1
anonymous-chat/internal/chat/room.go:149.2,149.46 1 1
